# JRE version: Java(TM) SE Runtime Environment (19.0.2+7) (build 19.0.2+7-44)
# Java VM: Java HotSpot(TM) 64-Bit Server VM (19.0.2+7-44, mixed mode, sharing, tiered, compressed oops, compressed class ptrs, g1 gc, windows-amd64)
GC Precious Log:
 CardTable entry size: 512
 Card Set container configuration: InlinePtr #cards 4 size 8 Array Of Cards #cards 16 size 48 Howl #buckets 8 coarsen threshold 3686 Howl Bitmap #cards 512 size 80 coarsen threshold 460 Card regions per heap region 1 cards per card region 4096
 CPUs: 16 total, 16 available
 Memory: 15775M
 Large Page Support: Disabled
 NUMA Support: Disabled
 Compressed Oops: Enabled (Zero based)
 Heap Region Size: 2M
 Heap Min Capacity: 8M
 Heap Initial Capacity: 248M
 Heap Max Capacity: 3944M
 Pre-touch: Disabled
 Parallel Workers: 13
 Concurrent Workers: 3
 Concurrent Refinement Workers: 13
 Periodic GC: Disabled
Heap:
 garbage-first heap   total 589824K, used 286045K [0x0000000709800000, 0x0000000800000000)
  region size 2048K, 1 young (2048K), 1 survivors (2048K)
 Metaspace       used 10416K, committed 10560K, reserved 1114112K
  class space    used 1334K, committed 1408K, reserved 1048576K
GC Heap History (20 events):
Event: 2.755 GC heap after
{Heap after GC invocations=45 (full 0):
 garbage-first heap   total 491520K, used 226189K [0x0000000709800000, 0x0000000800000000)
  region size 2048K, 1 young (2048K), 1 survivors (2048K)
 Metaspace       used 9699K, committed 9920K, reserved 1114112K
  class space    used 1216K, committed 1344K, reserved 1048576K
}
Event: 2.815 GC heap before
{Heap before GC invocations=46 (full 0):
 garbage-first heap   total 491520K, used 232333K [0x0000000709800000, 0x0000000800000000)
  region size 2048K, 4 young (8192K), 1 survivors (2048K)
 Metaspace       used 9710K, committed 9920K, reserved 1114112K
  class space    used 1216K, committed 1344K, reserved 1048576K
}
Event: 2.816 GC heap after
{Heap after GC invocations=47 (full 0):
 garbage-first heap   total 491520K, used 228267K [0x0000000709800000, 0x0000000800000000)
  region size 2048K, 1 young (2048K), 1 survivors (2048K)
 Metaspace       used 9710K, committed 9920K, reserved 1114112K
  class space    used 1216K, committed 1344K, reserved 1048576K
}
Event: 2.849 GC heap before
{Heap before GC invocations=48 (full 0):
 garbage-first heap   total 491520K, used 240555K [0x0000000709800000, 0x0000000800000000)
  region size 2048K, 5 young (10240K), 1 survivors (2048K)
 Metaspace       used 9711K, committed 9920K, reserved 1114112K
  class space    used 1216K, committed 1344K, reserved 1048576K
}
Event: 2.850 GC heap after
{Heap after GC invocations=49 (full 0):
 garbage-first heap   total 491520K, used 234450K [0x0000000709800000, 0x0000000800000000)
  region size 2048K, 1 young (2048K), 1 survivors (2048K)
 Metaspace       used 9711K, committed 9920K, reserved 1114112K
  class space    used 1216K, committed 1344K, reserved 1048576K
}
Event: 2.913 GC heap before
{Heap before GC invocations=50 (full 0):
 garbage-first heap   total 491520K, used 240594K [0x0000000709800000, 0x0000000800000000)
  region size 2048K, 4 young (8192K), 1 survivors (2048K)
 Metaspace       used 9724K, committed 9920K, reserved 1114112K
  class space    used 1216K, committed 1344K, reserved 1048576K
}
Event: 3.059 GC heap after
{Heap after GC invocations=51 (full 0):
 garbage-first heap   total 589824K, used 236498K [0x0000000709800000, 0x0000000800000000)
  region size 2048K, 1 young (2048K), 1 survivors (2048K)
 Metaspace       used 9724K, committed 9920K, reserved 1114112K
  class space    used 1216K, committed 1344K, reserved 1048576K
}
Event: 3.323 GC heap before
{Heap before GC invocations=51 (full 0):
 garbage-first heap   total 589824K, used 283602K [0x0000000709800000, 0x0000000800000000)
  region size 2048K, 13 young (26624K), 1 survivors (2048K)
 Metaspace       used 9758K, committed 9984K, reserved 1114112K
  class space    used 1225K, committed 1344K, reserved 1048576K
}
Event: 3.324 GC heap after
{Heap after GC invocations=52 (full 0):
 garbage-first heap   total 589824K, used 261156K [0x0000000709800000, 0x0000000800000000)
  region size 2048K, 1 young (2048K), 1 survivors (2048K)
 Metaspace       used 9758K, committed 9984K, reserved 1114112K
  class space    used 1225K, committed 1344K, reserved 1048576K
}
Event: 3.360 GC heap before
{Heap before GC invocations=52 (full 0):
 garbage-first heap   total 589824K, used 273444K [0x0000000709800000, 0x0000000800000000)
  region size 2048K, 5 young (10240K), 1 survivors (2048K)
 Metaspace       used 9760K, committed 9984K, reserved 1114112K
  class space    used 1225K, committed 1344K, reserved 1048576K
}
Event: 3.361 GC heap after
{Heap after GC invocations=53 (full 0):
 garbage-first heap   total 589824K, used 267325K [0x0000000709800000, 0x0000000800000000)
  region size 2048K, 1 young (2048K), 1 survivors (2048K)
 Metaspace       used 9760K, committed 9984K, reserved 1114112K
  class space    used 1225K, committed 1344K, reserved 1048576K
}
Event: 3.439 GC heap before
{Heap before GC invocations=54 (full 0):
 garbage-first heap   total 589824K, used 273469K [0x0000000709800000, 0x0000000800000000)
  region size 2048K, 4 young (8192K), 1 survivors (2048K)
 Metaspace       used 9899K, committed 10112K, reserved 1114112K
  class space    used 1231K, committed 1344K, reserved 1048576K
}
Event: 3.440 GC heap after
{Heap after GC invocations=55 (full 0):
 garbage-first heap   total 589824K, used 269411K [0x0000000709800000, 0x0000000800000000)
  region size 2048K, 1 young (2048K), 1 survivors (2048K)
 Metaspace       used 9899K, committed 10112K, reserved 1114112K
  class space    used 1231K, committed 1344K, reserved 1048576K
}
Event: 3.474 GC heap before
{Heap before GC invocations=56 (full 0):
 garbage-first heap   total 589824K, used 281699K [0x0000000709800000, 0x0000000800000000)
  region size 2048K, 5 young (10240K), 1 survivors (2048K)
 Metaspace       used 9899K, committed 10112K, reserved 1114112K
  class space    used 1231K, committed 1344K, reserved 1048576K
}
Event: 3.475 GC heap after
{Heap after GC invocations=57 (full 0):
 garbage-first heap   total 589824K, used 275573K [0x0000000709800000, 0x0000000800000000)
  region size 2048K, 1 young (2048K), 1 survivors (2048K)
 Metaspace       used 9899K, committed 10112K, reserved 1114112K
  class space    used 1231K, committed 1344K, reserved 1048576K
}
Event: 3.549 GC heap before
{Heap before GC invocations=58 (full 0):
 garbage-first heap   total 589824K, used 281717K [0x0000000709800000, 0x0000000800000000)
  region size 2048K, 4 young (8192K), 1 survivors (2048K)
 Metaspace       used 9996K, committed 10176K, reserved 1114112K
  class space    used 1238K, committed 1344K, reserved 1048576K
}
Event: 3.550 GC heap after
{Heap after GC invocations=59 (full 0):
 garbage-first heap   total 589824K, used 277665K [0x0000000709800000, 0x0000000800000000)
  region size 2048K, 1 young (2048K), 1 survivors (2048K)
 Metaspace       used 9996K, committed 10176K, reserved 1114112K
  class space    used 1238K, committed 1344K, reserved 1048576K
}
Event: 3.591 GC heap before
{Heap before GC invocations=60 (full 0):
 garbage-first heap   total 589824K, used 292001K [0x0000000709800000, 0x0000000800000000)
  region size 2048K, 6 young (12288K), 1 survivors (2048K)
 Metaspace       used 10001K, committed 10240K, reserved 1114112K
  class space    used 1238K, committed 1344K, reserved 1048576K
}
Event: 3.592 GC heap after
{Heap after GC invocations=61 (full 0):
 garbage-first heap   total 589824K, used 283826K [0x0000000709800000, 0x0000000800000000)
  region size 2048K, 1 young (2048K), 1 survivors (2048K)
 Metaspace       used 10001K, committed 10240K, reserved 1114112K
  class space    used 1238K, committed 1344K, reserved 1048576K
}
Event: 3.679 GC heap before
{Heap before GC invocations=62 (full 0):
 garbage-first heap   total 589824K, used 292018K [0x0000000709800000, 0x0000000800000000)
  region size 2048K, 5 young (10240K), 1 survivors (2048K)
 Metaspace       used 10416K, committed 10560K, reserved 1114112K
  class space    used 1334K, committed 1408K, reserved 1048576K
}

