# JRE version: Java(TM) SE Runtime Environment (19.0.2+7) (build 19.0.2+7-44)
# Java VM: Java HotSpot(TM) 64-Bit Server VM (19.0.2+7-44, mixed mode, sharing, tiered, compressed oops, compressed class ptrs, g1 gc, windows-amd64)
GC Precious Log:
 CardTable entry size: 512
 Card Set container configuration: InlinePtr #cards 4 size 8 Array Of Cards #cards 16 size 48 Howl #buckets 8 coarsen threshold 3686 Howl Bitmap #cards 512 size 80 coarsen threshold 460 Card regions per heap region 1 cards per card region 4096
 CPUs: 16 total, 16 available
 Memory: 15775M
 Large Page Support: Disabled
 NUMA Support: Disabled
 Compressed Oops: Enabled (Zero based)
 Heap Region Size: 2M
 Heap Min Capacity: 8M
 Heap Initial Capacity: 248M
 Heap Max Capacity: 3944M
 Pre-touch: Disabled
 Parallel Workers: 13
 Concurrent Workers: 3
 Concurrent Refinement Workers: 13
 Periodic GC: Disabled
Heap:
 garbage-first heap   total 538624K, used 252936K [0x0000000709800000, 0x0000000800000000)
  region size 2048K, 1 young (2048K), 1 survivors (2048K)
 Metaspace       used 9744K, committed 9920K, reserved 1114112K
  class space    used 1225K, committed 1344K, reserved 1048576K
GC Heap History (20 events):
Event: 2.875 GC heap after
{Heap after GC invocations=31 (full 0):
 garbage-first heap   total 372736K, used 193344K [0x0000000709800000, 0x0000000800000000)
  region size 2048K, 1 young (2048K), 1 survivors (2048K)
 Metaspace       used 9646K, committed 9856K, reserved 1114112K
  class space    used 1209K, committed 1344K, reserved 1048576K
}
Event: 2.945 GC heap before
{Heap before GC invocations=32 (full 0):
 garbage-first heap   total 372736K, used 199488K [0x0000000709800000, 0x0000000800000000)
  region size 2048K, 4 young (8192K), 1 survivors (2048K)
 Metaspace       used 9651K, committed 9920K, reserved 1114112K
  class space    used 1209K, committed 1344K, reserved 1048576K
}
Event: 2.946 GC heap after
{Heap after GC invocations=33 (full 0):
 garbage-first heap   total 372736K, used 195358K [0x0000000709800000, 0x0000000800000000)
  region size 2048K, 1 young (2048K), 1 survivors (2048K)
 Metaspace       used 9651K, committed 9920K, reserved 1114112K
  class space    used 1209K, committed 1344K, reserved 1048576K
}
Event: 2.981 GC heap before
{Heap before GC invocations=34 (full 0):
 garbage-first heap   total 372736K, used 207646K [0x0000000709800000, 0x0000000800000000)
  region size 2048K, 5 young (10240K), 1 survivors (2048K)
 Metaspace       used 9651K, committed 9920K, reserved 1114112K
  class space    used 1209K, committed 1344K, reserved 1048576K
}
Event: 2.982 GC heap after
{Heap after GC invocations=35 (full 0):
 garbage-first heap   total 448512K, used 201504K [0x0000000709800000, 0x0000000800000000)
  region size 2048K, 1 young (2048K), 1 survivors (2048K)
 Metaspace       used 9651K, committed 9920K, reserved 1114112K
  class space    used 1209K, committed 1344K, reserved 1048576K
}
Event: 3.042 GC heap before
{Heap before GC invocations=36 (full 0):
 garbage-first heap   total 448512K, used 207648K [0x0000000709800000, 0x0000000800000000)
  region size 2048K, 4 young (8192K), 1 survivors (2048K)
 Metaspace       used 9653K, committed 9920K, reserved 1114112K
  class space    used 1209K, committed 1344K, reserved 1048576K
}
Event: 3.043 GC heap after
{Heap after GC invocations=37 (full 0):
 garbage-first heap   total 448512K, used 203564K [0x0000000709800000, 0x0000000800000000)
  region size 2048K, 1 young (2048K), 1 survivors (2048K)
 Metaspace       used 9653K, committed 9920K, reserved 1114112K
  class space    used 1209K, committed 1344K, reserved 1048576K
}
Event: 3.079 GC heap before
{Heap before GC invocations=38 (full 0):
 garbage-first heap   total 448512K, used 215852K [0x0000000709800000, 0x0000000800000000)
  region size 2048K, 5 young (10240K), 1 survivors (2048K)
 Metaspace       used 9653K, committed 9920K, reserved 1114112K
  class space    used 1209K, committed 1344K, reserved 1048576K
}
Event: 3.079 GC heap after
{Heap after GC invocations=39 (full 0):
 garbage-first heap   total 448512K, used 209746K [0x0000000709800000, 0x0000000800000000)
  region size 2048K, 1 young (2048K), 1 survivors (2048K)
 Metaspace       used 9653K, committed 9920K, reserved 1114112K
  class space    used 1209K, committed 1344K, reserved 1048576K
}
Event: 3.145 GC heap before
{Heap before GC invocations=40 (full 0):
 garbage-first heap   total 448512K, used 215890K [0x0000000709800000, 0x0000000800000000)
  region size 2048K, 4 young (8192K), 1 survivors (2048K)
 Metaspace       used 9662K, committed 9920K, reserved 1114112K
  class space    used 1213K, committed 1344K, reserved 1048576K
}
Event: 3.146 GC heap after
{Heap after GC invocations=41 (full 0):
 garbage-first heap   total 448512K, used 211782K [0x0000000709800000, 0x0000000800000000)
  region size 2048K, 1 young (2048K), 1 survivors (2048K)
 Metaspace       used 9662K, committed 9920K, reserved 1114112K
  class space    used 1213K, committed 1344K, reserved 1048576K
}
Event: 3.180 GC heap before
{Heap before GC invocations=42 (full 0):
 garbage-first heap   total 448512K, used 224070K [0x0000000709800000, 0x0000000800000000)
  region size 2048K, 5 young (10240K), 1 survivors (2048K)
 Metaspace       used 9663K, committed 9920K, reserved 1114112K
  class space    used 1213K, committed 1344K, reserved 1048576K
}
Event: 3.219 GC heap after
{Heap after GC invocations=43 (full 0):
 garbage-first heap   total 538624K, used 217953K [0x0000000709800000, 0x0000000800000000)
  region size 2048K, 1 young (2048K), 1 survivors (2048K)
 Metaspace       used 9663K, committed 9920K, reserved 1114112K
  class space    used 1213K, committed 1344K, reserved 1048576K
}
Event: 3.513 GC heap before
{Heap before GC invocations=43 (full 0):
 garbage-first heap   total 538624K, used 267105K [0x0000000709800000, 0x0000000800000000)
  region size 2048K, 14 young (28672K), 1 survivors (2048K)
 Metaspace       used 9715K, committed 9920K, reserved 1114112K
  class space    used 1216K, committed 1344K, reserved 1048576K
}
Event: 3.514 GC heap after
{Heap after GC invocations=44 (full 0):
 garbage-first heap   total 538624K, used 242632K [0x0000000709800000, 0x0000000800000000)
  region size 2048K, 1 young (2048K), 1 survivors (2048K)
 Metaspace       used 9715K, committed 9920K, reserved 1114112K
  class space    used 1216K, committed 1344K, reserved 1048576K
}
Event: 3.573 GC heap before
{Heap before GC invocations=45 (full 0):
 garbage-first heap   total 538624K, used 248776K [0x0000000709800000, 0x0000000800000000)
  region size 2048K, 4 young (8192K), 1 survivors (2048K)
 Metaspace       used 9727K, committed 9920K, reserved 1114112K
  class space    used 1220K, committed 1344K, reserved 1048576K
}
Event: 3.574 GC heap after
{Heap after GC invocations=46 (full 0):
 garbage-first heap   total 538624K, used 244697K [0x0000000709800000, 0x0000000800000000)
  region size 2048K, 1 young (2048K), 1 survivors (2048K)
 Metaspace       used 9727K, committed 9920K, reserved 1114112K
  class space    used 1220K, committed 1344K, reserved 1048576K
}
Event: 3.598 GC heap before
{Heap before GC invocations=47 (full 0):
 garbage-first heap   total 538624K, used 254937K [0x0000000709800000, 0x0000000800000000)
  region size 2048K, 5 young (10240K), 1 survivors (2048K)
 Metaspace       used 9727K, committed 9920K, reserved 1114112K
  class space    used 1220K, committed 1344K, reserved 1048576K
}
Event: 3.599 GC heap after
{Heap after GC invocations=48 (full 0):
 garbage-first heap   total 538624K, used 248824K [0x0000000709800000, 0x0000000800000000)
  region size 2048K, 1 young (2048K), 1 survivors (2048K)
 Metaspace       used 9727K, committed 9920K, reserved 1114112K
  class space    used 1220K, committed 1344K, reserved 1048576K
}
Event: 3.637 GC heap before
{Heap before GC invocations=49 (full 0):
 garbage-first heap   total 538624K, used 261112K [0x0000000709800000, 0x0000000800000000)
  region size 2048K, 6 young (12288K), 1 survivors (2048K)
 Metaspace       used 9744K, committed 9920K, reserved 1114112K
  class space    used 1225K, committed 1344K, reserved 1048576K
}

